#
# A fatal error has been detected by the Java Runtime Environment:
#
#  EXCEPTION_UNCAUGHT_CXX_EXCEPTION (0xe06d7363) at pc=0x00007ff852ed478c, pid=23620, tid=0x0000000000005c1c
#
# JRE version: Java(TM) SE Runtime Environment (8.0_321-b07) (build 1.8.0_321-b07)
# Java VM: Java HotSpot(TM) 64-Bit Server VM (25.321-b07 mixed mode windows-amd64 compressed oops)
# Problematic frame:
# C  [KERNELBASE.dll+0x4478c]
#
# Failed to write core dump. Minidumps are not enabled by default on client versions of Windows
#
# If you would like to submit a bug report, please visit:
#   http://bugreport.java.com/bugreport/crash.jsp
# The crash happened outside the Java Virtual Machine in native code.
# See problematic frame for where to report the bug.
#

---------------  T H R E A D  ---------------

Current thread (0x0000024798929000):  JavaThread "main" [_thread_in_native, id=23580, stack(0x000000bd7f600000,0x000000bd7f7f0000)]

siginfo: ExceptionCode=0xe06d7363, ExceptionInformation=0x0000000019930520 0x000000bd7f7edb70 0x00007fffec942448 0x00007fffec8b0000 

Registers:
RAX=0x000000bd00000004, RBX=0x00007fffec942448, RCX=0x0000000019930520, RDX=0x000000bd7f7ed380
RSP=0x000000bd7f7ed9b0, RBP=0x000000bd7f7edc69, RSI=0x000000bd7f7edb70, RDI=0x0000000019930520
R8 =0x00007fffec8cccab, R9 =0x0000000000000000, R10=0x00007ff8555da59f, R11=0x000000bd7f7ed2d0
R12=0x000000bd7f7edcf8, R13=0x0000024785f785a0, R14=0x0000024799ec6240, R15=0x000002479885acf0
RIP=0x00007ff852ed478c, EFLAGS=0x0000000000000202

Top of Stack: (sp=0x000000bd7f7ed9b0)
0x000000bd7f7ed9b0:   ffffffffffffffff 00007fffec942448
0x000000bd7f7ed9c0:   000000bd7f7edb70 0000000000000001
0x000000bd7f7ed9d0:   00000081e06d7363 0000000000000000
0x000000bd7f7ed9e0:   00007ff852ed478c 000000bd00000004
0x000000bd7f7ed9f0:   0000000019930520 000000bd7f7edb70
0x000000bd7f7eda00:   00007fffec942448 00007fffec8b0000
0x000000bd7f7eda10:   0000000000000000 0000749f535b0000
0x000000bd7f7eda20:   000000bd7f7edb70 00007fffec8cccab
0x000000bd7f7eda30:   0000024799ec6240 00007ff8555da59f
0x000000bd7f7eda40:   000000bd7f7edab0 00007fffec94a000
0x000000bd7f7eda50:   000000bd7f7edb70 0000000019930520
0x000000bd7f7eda60:   00007fffec94a000 00007fffec8b0000
0x000000bd7f7eda70:   0000311eb58dcbcb 00007ff810aa5daf
0x000000bd7f7eda80:   00007fffec942448 00007ff8350d6220
0x000000bd7f7eda90:   000000bd7f7edb30 000000bd7f7edc69
0x000000bd7f7edaa0:   000000bd7f7edc48 00007fffec8df663 

Instructions: (pc=0x00007ff852ed478c)
0x00007ff852ed476c:   0f 46 c0 44 8b c0 44 89 44 24 38 49 c1 e0 03 e8
0x00007ff852ed477c:   d7 38 07 00 48 8d 4c 24 20 48 ff 15 dc 84 1f 00
0x00007ff852ed478c:   0f 1f 44 00 00 48 8b 8c 24 c0 00 00 00 48 33 cc
0x00007ff852ed479c:   e8 6f b1 06 00 48 81 c4 d8 00 00 00 c3 cc 83 64 


Register to memory mapping:

RAX=0x000000bd00000004 is an unknown value
RBX=0x00007fffec942448 is an unknown value
RCX=0x0000000019930520 is an unknown value
RDX=0x000000bd7f7ed380 is pointing into the stack for thread: 0x0000024798929000
RSP=0x000000bd7f7ed9b0 is pointing into the stack for thread: 0x0000024798929000
RBP=0x000000bd7f7edc69 is pointing into the stack for thread: 0x0000024798929000
RSI=0x000000bd7f7edb70 is pointing into the stack for thread: 0x0000024798929000
RDI=0x0000000019930520 is an unknown value
R8 =0x00007fffec8cccab is an unknown value
R9 =0x0000000000000000 is an unknown value
R10=0x00007ff8555da59f is an unknown value
R11=0x000000bd7f7ed2d0 is pointing into the stack for thread: 0x0000024798929000
R12=0x000000bd7f7edcf8 is pointing into the stack for thread: 0x0000024798929000
R13=0x0000024785f785a0 is an unknown value
R14=0x0000024799ec6240 is an unknown value
R15=0x000002479885acf0 is an unknown value


Stack: [0x000000bd7f600000,0x000000bd7f7f0000],  sp=0x000000bd7f7ed9b0,  free space=1974k
Native frames: (J=compiled Java code, j=interpreted, Vv=VM code, C=native code)
C  [KERNELBASE.dll+0x4478c]
C  [VCRUNTIME140.dll+0x6220]
C  0x00007fffec8f5037
C  0x00007fffec8fdf8a
C  0x00007fffec8f2a55
C  0x000002479a04a02e

Java frames: (J=compiled Java code, j=interpreted, Vv=VM code)
j  org.jpype.manager.TypeFactoryNative.newWrapper(JJ)V+0
j  org.jpype.JPypeContext.newWrapper(J)V+16
v  ~StubRoutines::call_stub

---------------  P R O C E S S  ---------------

Java Threads: ( => current thread )
  0x0000024798d11000 JavaThread "SIGINT handler" daemon [_thread_blocked, id=14020, stack(0x000000bd028b0000,0x000000bd02aa0000)]
  0x0000024798de9800 JavaThread "Service Thread" daemon [_thread_blocked, id=16684, stack(0x000000bd022e0000,0x000000bd024d0000)]
  0x0000024798d13800 JavaThread "C1 CompilerThread2" daemon [_thread_blocked, id=19560, stack(0x000000bd020f0000,0x000000bd022e0000)]
  0x0000024798d12800 JavaThread "C2 CompilerThread1" daemon [_thread_blocked, id=6868, stack(0x000000bd01f00000,0x000000bd020f0000)]
  0x0000024798d15000 JavaThread "C2 CompilerThread0" daemon [_thread_blocked, id=23200, stack(0x000000bd01d10000,0x000000bd01f00000)]
  0x0000024798ce0000 JavaThread "Attach Listener" daemon [_thread_blocked, id=5788, stack(0x000000bd01b20000,0x000000bd01d10000)]
  0x0000024798cc0800 JavaThread "Finalizer" daemon [_thread_blocked, id=13572, stack(0x000000bd01740000,0x000000bd01930000)]
  0x0000024798cb2800 JavaThread "Reference Handler" daemon [_thread_blocked, id=20840, stack(0x000000bd01550000,0x000000bd01740000)]
=>0x0000024798929000 JavaThread "main" [_thread_in_native, id=23580, stack(0x000000bd7f600000,0x000000bd7f7f0000)]

Other Threads:
  0x0000024798981800 VMThread [stack: 0x000000bd01360000,0x000000bd01550000] [id=21516]

VM state:at safepoint (normal execution)

VM Mutex/Monitor currently owned by a thread:  ([mutex/lock_event])
[0x0000024795f9d4f0] Threads_lock - owner thread: 0x0000024798981800

heap address: 0x00000000c0000000, size: 1024 MB, Compressed Oops mode: 32-bit
Narrow klass base: 0x0000000000000000, Narrow klass shift: 3
Compressed class space size: 1073741824 Address: 0x0000000100000000

Heap:
 PSYoungGen      total 76288K, used 6553K [0x00000000eab00000, 0x00000000f0000000, 0x0000000100000000)
  eden space 65536K, 10% used [0x00000000eab00000,0x00000000eb1667d8,0x00000000eeb00000)
  from space 10752K, 0% used [0x00000000eeb00000,0x00000000eeb00000,0x00000000ef580000)
  to   space 10752K, 0% used [0x00000000ef580000,0x00000000ef580000,0x00000000f0000000)
 ParOldGen       total 175104K, used 821K [0x00000000c0000000, 0x00000000cab00000, 0x00000000eab00000)
  object space 175104K, 0% used [0x00000000c0000000,0x00000000c00cd4f8,0x00000000cab00000)
 Metaspace       used 3571K, capacity 4658K, committed 4864K, reserved 1056768K
  class space    used 397K, capacity 426K, committed 512K, reserved 1048576K

Card table byte_map: [0x00000247a93f0000,0x00000247a9600000] byte_map_base: 0x00000247a8df0000

Marking Bits: (ParMarkBitMap*) 0x000000005aba9030
 Begin Bits: [0x00000247a9760000, 0x00000247aa760000)
 End Bits:   [0x00000247aa760000, 0x00000247ab760000)

Polling page: 0x000002479a000000

CodeCache: size=245760Kb used=1446Kb max_used=1457Kb free=244313Kb
 bounds [0x000002479a030000, 0x000002479a2a0000, 0x00000247a9030000]
 total_blobs=455 nmethods=195 adapters=173
 compilation: enabled

Compilation events (10 events):
Event: 0.151 Thread 0x0000024798d13800 nmethod 178 0x000002479a198490 code [0x000002479a1985e0, 0x000002479a1986f8]
Event: 0.151 Thread 0x0000024798d13800  167       3       java.util.ArrayList::grow (45 bytes)
Event: 0.151 Thread 0x0000024798d13800 nmethod 167 0x000002479a198750 code [0x000002479a1988e0, 0x000002479a198de0]
Event: 0.151 Thread 0x0000024798d13800  182       1       java.util.TreeMap::access$100 (5 bytes)
Event: 0.151 Thread 0x0000024798d13800 nmethod 182 0x000002479a198fd0 code [0x000002479a199120, 0x000002479a199218]
Event: 0.151 Thread 0x0000024798d13800  181       1       java.lang.reflect.Modifier::methodModifiers (4 bytes)
Event: 0.151 Thread 0x0000024798d13800 nmethod 181 0x000002479a199290 code [0x000002479a1993e0, 0x000002479a1994d8]
Event: 0.151 Thread 0x0000024798d13800  153       1       java.lang.Class::getClassLoader0 (5 bytes)
Event: 0.151 Thread 0x0000024798d13800 nmethod 153 0x000002479a199550 code [0x000002479a1996a0, 0x000002479a1997b8]
Event: 0.152 Thread 0x0000024798d12800 nmethod 189 0x000002479a19c650 code [0x000002479a19c7a0, 0x000002479a19c9f8]

GC Heap History (4 events):
Event: 0.138 GC heap before
{Heap before GC invocations=1 (full 0):
 PSYoungGen      total 76288K, used 3932K [0x00000000eab00000, 0x00000000f0000000, 0x0000000100000000)
  eden space 65536K, 6% used [0x00000000eab00000,0x00000000eaed71b0,0x00000000eeb00000)
  from space 10752K, 0% used [0x00000000ef580000,0x00000000ef580000,0x00000000f0000000)
  to   space 10752K, 0% used [0x00000000eeb00000,0x00000000eeb00000,0x00000000ef580000)
 ParOldGen       total 175104K, used 0K [0x00000000c0000000, 0x00000000cab00000, 0x00000000eab00000)
  object space 175104K, 0% used [0x00000000c0000000,0x00000000c0000000,0x00000000cab00000)
 Metaspace       used 3490K, capacity 4656K, committed 4864K, reserved 1056768K
  class space    used 385K, capacity 424K, committed 512K, reserved 1048576K
Event: 0.139 GC heap after
Heap after GC invocations=1 (full 0):
 PSYoungGen      total 76288K, used 921K [0x00000000eab00000, 0x00000000f0000000, 0x0000000100000000)
  eden space 65536K, 0% used [0x00000000eab00000,0x00000000eab00000,0x00000000eeb00000)
  from space 10752K, 8% used [0x00000000eeb00000,0x00000000eebe6620,0x00000000ef580000)
  to   space 10752K, 0% used [0x00000000ef580000,0x00000000ef580000,0x00000000f0000000)
 ParOldGen       total 175104K, used 8K [0x00000000c0000000, 0x00000000cab00000, 0x00000000eab00000)
  object space 175104K, 0% used [0x00000000c0000000,0x00000000c0002000,0x00000000cab00000)
 Metaspace       used 3490K, capacity 4656K, committed 4864K, reserved 1056768K
  class space    used 385K, capacity 424K, committed 512K, reserved 1048576K
}
Event: 0.139 GC heap before
{Heap before GC invocations=2 (full 1):
 PSYoungGen      total 76288K, used 921K [0x00000000eab00000, 0x00000000f0000000, 0x0000000100000000)
  eden space 65536K, 0% used [0x00000000eab00000,0x00000000eab00000,0x00000000eeb00000)
  from space 10752K, 8% used [0x00000000eeb00000,0x00000000eebe6620,0x00000000ef580000)
  to   space 10752K, 0% used [0x00000000ef580000,0x00000000ef580000,0x00000000f0000000)
 ParOldGen       total 175104K, used 8K [0x00000000c0000000, 0x00000000cab00000, 0x00000000eab00000)
  object space 175104K, 0% used [0x00000000c0000000,0x00000000c0002000,0x00000000cab00000)
 Metaspace       used 3490K, capacity 4656K, committed 4864K, reserved 1056768K
  class space    used 385K, capacity 424K, committed 512K, reserved 1048576K
Event: 0.143 GC heap after
Heap after GC invocations=2 (full 1):
 PSYoungGen      total 76288K, used 0K [0x00000000eab00000, 0x00000000f0000000, 0x0000000100000000)
  eden space 65536K, 0% used [0x00000000eab00000,0x00000000eab00000,0x00000000eeb00000)
  from space 10752K, 0% used [0x00000000eeb00000,0x00000000eeb00000,0x00000000ef580000)
  to   space 10752K, 0% used [0x00000000ef580000,0x00000000ef580000,0x00000000f0000000)
 ParOldGen       total 175104K, used 821K [0x00000000c0000000, 0x00000000cab00000, 0x00000000eab00000)
  object space 175104K, 0% used [0x00000000c0000000,0x00000000c00cd4f8,0x00000000cab00000)
 Metaspace       used 3490K, capacity 4656K, committed 4864K, reserved 1056768K
  class space    used 385K, capacity 424K, committed 512K, reserved 1048576K
}

Deoptimization events (0 events):
No events

Classes redefined (0 events):
No events

Internal exceptions (3 events):
Event: 0.019 Thread 0x0000024798929000 Exception <a 'java/lang/NoSuchMethodError': Method sun.misc.Unsafe.defineClass(Ljava/lang/String;[BII)Ljava/lang/Class; name or signature does not match> (0x00000000eab07cc0) thrown at [C:\jenkins\workspace\8-2-build-windows-amd64-cygwin\jdk8u321\2141\hot
Event: 0.019 Thread 0x0000024798929000 Exception <a 'java/lang/NoSuchMethodError': Method sun.misc.Unsafe.prefetchRead(Ljava/lang/Object;J)V name or signature does not match> (0x00000000eab07fa8) thrown at [C:\jenkins\workspace\8-2-build-windows-amd64-cygwin\jdk8u321\2141\hotspot\src\share\vm\
Event: 0.064 Thread 0x0000024798929000 Exception <a 'java/lang/NoClassDefFoundError': org/jpype/classloader/DynamicClassLoader> (0x00000000eac418a8) thrown at [C:\jenkins\workspace\8-2-build-windows-amd64-cygwin\jdk8u321\2141\hotspot\src\share\vm\classfile\systemDictionary.cpp, line 201]

Events (10 events):
Event: 0.178 Executing VM operation: ThreadDump
Event: 0.178 Executing VM operation: ThreadDump done
Event: 0.178 loading class java/util/HashMap$KeySet
Event: 0.178 loading class java/util/HashMap$KeySet done
Event: 0.178 loading class java/util/HashMap$KeyIterator
Event: 0.178 loading class java/util/HashMap$KeyIterator done
Event: 0.194 Thread 0x0000024798efc000 Thread exited: 0x0000024798efc000
Event: 0.195 Thread 0x0000024798d15800 Thread exited: 0x0000024798d15800
Event: 0.195 Thread 0x0000024798cdd000 Thread exited: 0x0000024798cdd000
Event: 0.195 Executing VM operation: Exit


Dynamic libraries:
0x00007ff6aca30000 - 0x00007ff6aca4b000 	D:\anaconda3\envs\kosummary\python.exe
0x00007ff855560000 - 0x00007ff855769000 	C:\WINDOWS\SYSTEM32\ntdll.dll
0x00007ff8541b0000 - 0x00007ff85426d000 	C:\WINDOWS\System32\KERNEL32.DLL
0x00007ff852e90000 - 0x00007ff853204000 	C:\WINDOWS\System32\KERNELBASE.dll
0x00007ff852d70000 - 0x00007ff852e81000 	C:\WINDOWS\System32\ucrtbase.dll
0x00007ff8350d0000 - 0x00007ff8350e9000 	D:\anaconda3\envs\kosummary\VCRUNTIME140.dll
0x00007ff810a80000 - 0x00007ff810e58000 	D:\anaconda3\envs\kosummary\python37.dll
0x00007ff8535e0000 - 0x00007ff85363d000 	C:\WINDOWS\System32\SHLWAPI.dll
0x00007ff854350000 - 0x00007ff8543f3000 	C:\WINDOWS\System32\msvcrt.dll
0x00007ff84cd00000 - 0x00007ff84cd0a000 	C:\WINDOWS\SYSTEM32\VERSION.dll
0x00007ff854ac0000 - 0x00007ff854b2f000 	C:\WINDOWS\System32\WS2_32.dll
0x00007ff853a70000 - 0x00007ff853b90000 	C:\WINDOWS\System32\RPCRT4.dll
0x00007ff853960000 - 0x00007ff853a0e000 	C:\WINDOWS\System32\ADVAPI32.dll
0x00007ff8545b0000 - 0x00007ff85464e000 	C:\WINDOWS\System32\sechost.dll
0x00007ff8522b0000 - 0x00007ff8522c8000 	C:\WINDOWS\SYSTEM32\CRYPTSP.dll
0x00007ff851ba0000 - 0x00007ff851bd5000 	C:\WINDOWS\system32\rsaenh.dll
0x00007ff8522d0000 - 0x00007ff8522dc000 	C:\WINDOWS\SYSTEM32\CRYPTBASE.dll
0x00007ff853380000 - 0x00007ff8533ff000 	C:\WINDOWS\System32\bcryptPrimitives.dll
0x00007ff849e30000 - 0x00007ff849e3f000 	D:\anaconda3\envs\kosummary\python3.dll
0x00007ff81cd10000 - 0x00007ff81cd34000 	D:\anaconda3\envs\kosummary\DLLs\_ctypes.pyd
0x00007ff854410000 - 0x00007ff8545aa000 	C:\WINDOWS\System32\ole32.dll
0x00007ff852ca0000 - 0x00007ff852d3d000 	C:\WINDOWS\System32\msvcp_win.dll
0x00007ff8552e0000 - 0x00007ff855309000 	C:\WINDOWS\System32\GDI32.dll
0x00007ff852d40000 - 0x00007ff852d66000 	C:\WINDOWS\System32\win32u.dll
0x00007ff852b80000 - 0x00007ff852c92000 	C:\WINDOWS\System32\gdi32full.dll
0x00007ff855370000 - 0x00007ff85551c000 	C:\WINDOWS\System32\USER32.dll
0x00007ff854730000 - 0x00007ff854aa8000 	C:\WINDOWS\System32\combase.dll
0x00007ff854650000 - 0x00007ff854726000 	C:\WINDOWS\System32\OLEAUT32.dll
0x00007ff855330000 - 0x00007ff855361000 	C:\WINDOWS\System32\IMM32.DLL
0x00007ff816c80000 - 0x00007ff816d11000 	D:\anaconda3\envs\kosummary\msvcp140.dll
0x00007ff849e00000 - 0x00007ff849e0c000 	D:\anaconda3\envs\kosummary\VCRUNTIME140_1.dll
0x00007ff849d60000 - 0x00007ff849d69000 	D:\anaconda3\envs\kosummary\msvcp140_1.dll
0x00007fff82020000 - 0x00007fffb851f000 	D:\anaconda3\envs\kosummary\lib\site-packages\tensorflow\python\_pywrap_tensorflow_internal.pyd
0x00007ff853210000 - 0x00007ff853372000 	C:\WINDOWS\System32\CRYPT32.dll
0x00007ff854340000 - 0x00007ff854348000 	C:\WINDOWS\System32\Normaliz.dll
0x00007ff854b30000 - 0x00007ff8552de000 	C:\WINDOWS\System32\SHELL32.dll
0x00007ff8413f0000 - 0x00007ff841611000 	C:\WINDOWS\SYSTEM32\dbghelp.dll
0x00007ff849b50000 - 0x00007ff849b5d000 	D:\anaconda3\envs\kosummary\DLLs\_hashlib.pyd
0x00007ff80efb0000 - 0x00007ff80f216000 	D:\anaconda3\envs\kosummary\DLLs\libcrypto-1_1-x64.dll
0x00007ff8350b0000 - 0x00007ff8350c5000 	D:\anaconda3\envs\kosummary\DLLs\_socket.pyd
0x00007ff841fb0000 - 0x00007ff841fb9000 	D:\anaconda3\envs\kosummary\DLLs\select.pyd
0x000000006a8c0000 - 0x000000006c673000 	D:\anaconda3\envs\kosummary\lib\site-packages\numpy\.libs\libopenblas.XWYDX2IKJW2NMTWSFYNGFUWKQU3LYTCZ.gfortran-win_amd64.dll
0x00007ffffec50000 - 0x00007ffffef44000 	D:\anaconda3\envs\kosummary\lib\site-packages\numpy\core\_multiarray_umath.cp37-win_amd64.pyd
0x00007ff827770000 - 0x00007ff827790000 	D:\anaconda3\envs\kosummary\lib\site-packages\numpy\core\_multiarray_tests.cp37-win_amd64.pyd
0x00007ff83ba00000 - 0x00007ff83ba09000 	D:\anaconda3\envs\kosummary\lib\site-packages\numpy\linalg\lapack_lite.cp37-win_amd64.pyd
0x00007ff818c80000 - 0x00007ff818caa000 	D:\anaconda3\envs\kosummary\lib\site-packages\numpy\linalg\_umath_linalg.cp37-win_amd64.pyd
0x00007ff825e30000 - 0x00007ff825e50000 	D:\anaconda3\envs\kosummary\lib\site-packages\numpy\fft\_pocketfft_internal.cp37-win_amd64.pyd
0x00007ff8109e0000 - 0x00007ff810a74000 	D:\anaconda3\envs\kosummary\lib\site-packages\numpy\random\mtrand.cp37-win_amd64.pyd
0x00007ff818c50000 - 0x00007ff818c79000 	D:\anaconda3\envs\kosummary\lib\site-packages\numpy\random\bit_generator.cp37-win_amd64.pyd
0x00007ff818480000 - 0x00007ff8184b1000 	D:\anaconda3\envs\kosummary\lib\site-packages\numpy\random\_common.cp37-win_amd64.pyd
0x00007ff818430000 - 0x00007ff818472000 	D:\anaconda3\envs\kosummary\lib\site-packages\numpy\random\_bounded_integers.cp37-win_amd64.pyd
0x00007ff825c10000 - 0x00007ff825c28000 	D:\anaconda3\envs\kosummary\lib\site-packages\numpy\random\_mt19937.cp37-win_amd64.pyd
0x00007ff8202b0000 - 0x00007ff8202c7000 	D:\anaconda3\envs\kosummary\lib\site-packages\numpy\random\_philox.cp37-win_amd64.pyd
0x00007ff81ed20000 - 0x00007ff81ed39000 	D:\anaconda3\envs\kosummary\lib\site-packages\numpy\random\_pcg64.cp37-win_amd64.pyd
0x00007ff81ccb0000 - 0x00007ff81ccc2000 	D:\anaconda3\envs\kosummary\lib\site-packages\numpy\random\_sfc64.cp37-win_amd64.pyd
0x00007ff810930000 - 0x00007ff8109dd000 	D:\anaconda3\envs\kosummary\lib\site-packages\numpy\random\_generator.cp37-win_amd64.pyd
0x00007ff8193d0000 - 0x00007ff8193ed000 	D:\anaconda3\envs\kosummary\lib\site-packages\google\protobuf\internal\_api_implementation.cp37-win_amd64.pyd
0x00007ff8104c0000 - 0x00007ff810654000 	D:\anaconda3\envs\kosummary\lib\site-packages\google\protobuf\pyext\_message.cp37-win_amd64.pyd
0x00007ffff5850000 - 0x00007ffff5e7e000 	D:\anaconda3\envs\kosummary\lib\site-packages\tensorflow\python\_pywrap_tfe.pyd
0x00007ffff3d00000 - 0x00007ffff4073000 	D:\anaconda3\envs\kosummary\lib\site-packages\tensorflow\python\platform\_pywrap_tf2.pyd
0x00007ffff13c0000 - 0x00007ffff19df000 	D:\anaconda3\envs\kosummary\lib\site-packages\tensorflow\python\client\_pywrap_tf_session.pyd
0x00007ff83b380000 - 0x00007ff83b38e000 	D:\anaconda3\envs\kosummary\lib\site-packages\wrapt\_wrappers.cp37-win_amd64.pyd
0x00007ff817990000 - 0x00007ff8179bc000 	D:\anaconda3\envs\kosummary\lib\site-packages\tensorflow\python\util\_pywrap_utils.pyd
0x00007ff818990000 - 0x00007ff8189aa000 	D:\anaconda3\envs\kosummary\lib\site-packages\tensorflow\python\util\_pywrap_nest.pyd
0x00007ffff2fb0000 - 0x00007ffff3259000 	D:\anaconda3\envs\kosummary\lib\site-packages\tensorflow\python\_pywrap_py_exception_registry.pyd
0x00007ffff1110000 - 0x00007ffff13b9000 	D:\anaconda3\envs\kosummary\lib\site-packages\tensorflow\python\framework\_dtypes.pyd
0x00007ff817970000 - 0x00007ff81798a000 	D:\anaconda3\envs\kosummary\lib\site-packages\tensorflow\python\lib\core\_pywrap_bfloat16.pyd
0x00007ffff0d90000 - 0x00007ffff1108000 	D:\anaconda3\envs\kosummary\lib\site-packages\tensorflow\python\profiler\internal\_pywrap_traceme.pyd
0x00007ff8176c0000 - 0x00007ff8176f8000 	D:\anaconda3\envs\kosummary\lib\site-packages\tensorflow\python\framework\_pywrap_python_api_dispatcher.pyd
0x00007ff80ca10000 - 0x00007ff80cc7b000 	D:\anaconda3\envs\kosummary\lib\site-packages\tensorflow\python\util\_tf_stack.pyd
0x00007ffff0a10000 - 0x00007ffff0d83000 	D:\anaconda3\envs\kosummary\lib\site-packages\tensorflow\python\framework\_op_def_registry.pyd
0x00007fffefc70000 - 0x00007ffff0066000 	D:\anaconda3\envs\kosummary\lib\site-packages\tensorflow\python\framework\_proto_comparators.pyd
0x00007fffea370000 - 0x00007fffea6ef000 	D:\anaconda3\envs\kosummary\lib\site-packages\tensorflow\python\data\experimental\service\_pywrap_server_lib.pyd
0x00007fffe8b10000 - 0x00007fffe9095000 	D:\anaconda3\envs\kosummary\lib\site-packages\tensorflow\python\data\experimental\service\_pywrap_utils.pyd
0x00007ff838970000 - 0x00007ff838979000 	D:\anaconda3\envs\kosummary\DLLs\_queue.pyd
0x00007fffe8780000 - 0x00007fffe8b07000 	D:\anaconda3\envs\kosummary\lib\site-packages\tensorflow\python\lib\io\_pywrap_file_io.pyd
0x00007ff817660000 - 0x00007ff81767a000 	D:\anaconda3\envs\kosummary\lib\site-packages\tensorflow\python\util\_pywrap_determinism.pyd
0x00007ff816c60000 - 0x00007ff816c7a000 	D:\anaconda3\envs\kosummary\lib\site-packages\tensorflow\python\util\_pywrap_tensor_float_32_execution.pyd
0x00007fffe6a70000 - 0x00007fffe6dfe000 	D:\anaconda3\envs\kosummary\lib\site-packages\tensorflow\python\lib\io\_pywrap_record_io.pyd
0x00007fffe66f0000 - 0x00007fffe6a68000 	D:\anaconda3\envs\kosummary\lib\site-packages\tensorflow\python\saved_model\pywrap_saved_model.pyd
0x00007fffe6300000 - 0x00007fffe66ee000 	D:\anaconda3\envs\kosummary\lib\site-packages\tensorflow\python\util\_pywrap_checkpoint_reader.pyd
0x00007fffe5f00000 - 0x00007fffe62f5000 	D:\anaconda3\envs\kosummary\lib\site-packages\tensorflow\python\_pywrap_parallel_device.pyd
0x00007ff816c40000 - 0x00007ff816c5a000 	D:\anaconda3\envs\kosummary\lib\site-packages\tensorflow\python\lib\core\_pywrap_py_func.pyd
0x00007fffe5b80000 - 0x00007fffe5ef9000 	D:\anaconda3\envs\kosummary\lib\site-packages\tensorflow\python\client\_pywrap_events_writer.pyd
0x00007fffc5e30000 - 0x00007fffc65b3000 	D:\anaconda3\envs\kosummary\lib\site-packages\tensorflow\python\profiler\internal\_pywrap_profiler.pyd
0x00007ff8153c0000 - 0x00007ff815405000 	D:\anaconda3\envs\kosummary\DLLs\_decimal.pyd
0x00007ff816c20000 - 0x00007ff816c38000 	D:\anaconda3\envs\kosummary\DLLs\_bz2.pyd
0x00007ff8151d0000 - 0x00007ff815211000 	D:\anaconda3\envs\kosummary\DLLs\_lzma.pyd
0x00007ff811600000 - 0x00007ff811973000 	D:\anaconda3\envs\kosummary\lib\site-packages\tensorflow\python\client\_pywrap_device_lib.pyd
0x00007ff8153a0000 - 0x00007ff8153c0000 	D:\anaconda3\envs\kosummary\DLLs\_ssl.pyd
0x00007ff811570000 - 0x00007ff8115f6000 	D:\anaconda3\envs\kosummary\DLLs\libssl-1_1-x64.dll
0x00007ff852070000 - 0x00007ff8520d7000 	C:\WINDOWS\system32\mswsock.dll
0x00007ff810160000 - 0x00007ff810269000 	D:\anaconda3\envs\kosummary\DLLs\unicodedata.pyd
0x00007ff8358c0000 - 0x00007ff8358d0000 	D:\anaconda3\envs\kosummary\lib\site-packages\h5py\_errors.cp37-win_amd64.pyd
0x00007fffe5320000 - 0x00007fffe565b000 	D:\anaconda3\envs\kosummary\lib\site-packages\h5py\hdf5.dll
0x00007ff8151b0000 - 0x00007ff8151ca000 	D:\anaconda3\envs\kosummary\lib\site-packages\h5py\zlib.dll
0x00007ff811550000 - 0x00007ff81156b000 	D:\anaconda3\envs\kosummary\lib\site-packages\h5py\h5.cp37-win_amd64.pyd
0x00007ff810480000 - 0x00007ff8104bc000 	D:\anaconda3\envs\kosummary\lib\site-packages\h5py\defs.cp37-win_amd64.pyd
0x00007ff810450000 - 0x00007ff810471000 	D:\anaconda3\envs\kosummary\lib\site-packages\h5py\hdf5_hl.dll
0x00007ff8107f0000 - 0x00007ff81080f000 	D:\anaconda3\envs\kosummary\lib\site-packages\h5py\_objects.cp37-win_amd64.pyd
0x00007ff810120000 - 0x00007ff810152000 	D:\anaconda3\envs\kosummary\lib\site-packages\h5py\_conv.cp37-win_amd64.pyd
0x00007ff810100000 - 0x00007ff810115000 	D:\anaconda3\envs\kosummary\lib\site-packages\h5py\h5r.cp37-win_amd64.pyd
0x00007ff8100a0000 - 0x00007ff8100f7000 	D:\anaconda3\envs\kosummary\lib\site-packages\h5py\h5t.cp37-win_amd64.pyd
0x00007ff80ea80000 - 0x00007ff80ead3000 	D:\anaconda3\envs\kosummary\lib\site-packages\h5py\h5p.cp37-win_amd64.pyd
0x00007ff810080000 - 0x00007ff81009c000 	D:\anaconda3\envs\kosummary\lib\site-packages\h5py\h5s.cp37-win_amd64.pyd
0x00007ff80ea60000 - 0x00007ff80ea72000 	D:\anaconda3\envs\kosummary\lib\site-packages\h5py\utils.cp37-win_amd64.pyd
0x00007ff80ea40000 - 0x00007ff80ea52000 	D:\anaconda3\envs\kosummary\lib\site-packages\h5py\h5ac.cp37-win_amd64.pyd
0x00007ff80ea20000 - 0x00007ff80ea31000 	D:\anaconda3\envs\kosummary\lib\site-packages\h5py\h5z.cp37-win_amd64.pyd
0x00007ff80e9f0000 - 0x00007ff80ea12000 	D:\anaconda3\envs\kosummary\lib\site-packages\h5py\h5a.cp37-win_amd64.pyd
0x00007ff833ae0000 - 0x00007ff833af0000 	D:\anaconda3\envs\kosummary\lib\site-packages\h5py\_proxy.cp37-win_amd64.pyd
0x00007ff80e9c0000 - 0x00007ff80e9e4000 	D:\anaconda3\envs\kosummary\lib\site-packages\h5py\h5d.cp37-win_amd64.pyd
0x00007ff80e9a0000 - 0x00007ff80e9b6000 	D:\anaconda3\envs\kosummary\lib\site-packages\h5py\h5ds.cp37-win_amd64.pyd
0x00007ff80e970000 - 0x00007ff80e992000 	D:\anaconda3\envs\kosummary\lib\site-packages\h5py\h5f.cp37-win_amd64.pyd
0x00007ff80e940000 - 0x00007ff80e966000 	D:\anaconda3\envs\kosummary\lib\site-packages\h5py\h5g.cp37-win_amd64.pyd
0x00007ff80e920000 - 0x00007ff80e932000 	D:\anaconda3\envs\kosummary\lib\site-packages\h5py\h5i.cp37-win_amd64.pyd
0x00007ff80e660000 - 0x00007ff80e68d000 	D:\anaconda3\envs\kosummary\lib\site-packages\h5py\h5fd.cp37-win_amd64.pyd
0x00007ff832ea0000 - 0x00007ff832ead000 	D:\anaconda3\envs\kosummary\lib\site-packages\h5py\h5pl.cp37-win_amd64.pyd
0x00007ff80e900000 - 0x00007ff80e91f000 	D:\anaconda3\envs\kosummary\lib\site-packages\h5py\h5o.cp37-win_amd64.pyd
0x00007ff80e640000 - 0x00007ff80e65c000 	D:\anaconda3\envs\kosummary\lib\site-packages\h5py\h5l.cp37-win_amd64.pyd
0x00007ff832140000 - 0x00007ff832148000 	D:\anaconda3\envs\kosummary\DLLs\_contextvars.pyd
0x00007ff80e620000 - 0x00007ff80e635000 	D:\anaconda3\envs\kosummary\DLLs\_asyncio.pyd
0x00007ff831d80000 - 0x00007ff831d8d000 	D:\anaconda3\envs\kosummary\DLLs\_overlapped.pyd
0x00007ff80e5f0000 - 0x00007ff80e616000 	D:\anaconda3\envs\kosummary\lib\site-packages\h5py\_selector.cp37-win_amd64.pyd
0x00007fffc5a40000 - 0x00007fffc5e28000 	D:\anaconda3\envs\kosummary\lib\site-packages\tensorflow\python\util\_pywrap_tfprof.pyd
0x00007fffc56c0000 - 0x00007fffc5a33000 	D:\anaconda3\envs\kosummary\lib\site-packages\tensorflow\python\_pywrap_quantize_training.pyd
0x00007ff80c870000 - 0x00007ff80c88a000 	D:\anaconda3\envs\kosummary\lib\site-packages\tensorflow\python\_pywrap_sanitizers.pyd
0x00007fffc52d0000 - 0x00007fffc56b6000 	D:\anaconda3\envs\kosummary\lib\site-packages\tensorflow\python\framework\_test_metrics_util.pyd
0x00007ff80c850000 - 0x00007ff80c86a000 	D:\anaconda3\envs\kosummary\lib\site-packages\tensorflow\python\platform\_pywrap_stacktrace_handler.pyd

VM Arguments:
jvm_args: -Dfile.encoding=UTF8 -ea -Xmx1024m 
java_command: <unknown>
java_class_path (initial): D:\anaconda3\envs\kosummary\lib\site-packages\konlpy\java;D:\anaconda3\envs\kosummary\lib\site-packages\konlpy\java\bin;D:\anaconda3\envs\kosummary\lib\site-packages\konlpy\java\aho-corasick.jar;D:\anaconda3\envs\kosummary\lib\site-packages\konlpy\java\jhannanum-0.8.4.jar;D:\anaconda3\envs\kosummary\lib\site-packages\konlpy\java\kkma-2.0.jar;D:\anaconda3\envs\kosummary\lib\site-packages\konlpy\java\komoran-3.0.jar;D:\anaconda3\envs\kosummary\lib\site-packages\konlpy\java\open-korean-text-2.1.0.jar;D:\anaconda3\envs\kosummary\lib\site-packages\konlpy\java\scala-library-2.12.3.jar;D:\anaconda3\envs\kosummary\lib\site-packages\konlpy\java\shineware-common-1.0.jar;D:\anaconda3\envs\kosummary\lib\site-packages\konlpy\java\shineware-ds-1.0.jar;D:\anaconda3\envs\kosummary\lib\site-packages\konlpy\java\snakeyaml-1.12.jar;D:\anaconda3\envs\kosummary\lib\site-packages\konlpy\java\twitter-text-1.14.7.jar;D:\anaconda3\envs\kosummary\lib\site-packages\konlpy\java\jhannanum-0.8.4.jar;D:\anaconda3\envs\kosummary\lib\site-packages\konlpy\java\kkma-2.0.jar;D:\anaconda3\envs\kosummary\lib\site-packages\konlpy\java\aho-corasick.jar;D:\anaconda3\envs\kosummary\lib\site-packages\konlpy\java\shineware-common-1.0.jar;D:\anaconda3\envs\kosummary\lib\site-packages\konlpy\java\shineware-ds-1.0.jar;D:\anaconda3\envs\kosummary\lib\site-packages\konlpy\java\komoran-3.0.jar;D:\anaconda3\envs\kosummary\lib\site-packages\konlpy\java\snakeyaml-1.12.jar;D:\anaconda3\envs\kosummary\lib\site-packages\konlpy\java\scala-library-2.12.3.jar;D:\anaconda3\envs\kosummary\lib\site-packages\konlpy\java\open-korean-text-2.1.0.jar;D:\anaconda3\envs\kosummary\lib\site-packages\konlpy\java\twitter-text-1.14.7.jar;D:\anaconda3\envs\kosummary\lib\site-packages\konlpy\java\aho-corasick.jar;D:\anaconda3\envs\kosummary\lib\site-packages\konlpy\java\jhannanum-0.8.4.jar;D:\anaconda3\envs\kosummary\lib\site-packages\konlpy\java\kkma-2.0.jar;D:\anaconda3\envs\kosummary\lib\site-packages\konlpy\
Launcher Type: generic

Environment Variables:
JAVA_HOME=C:\Program Files\Java\jdk1.8.0_321
CLASSPATH=%JAVA_HOME&\lib
PATH=D:\anaconda3\envs\kosummary;D:\anaconda3\envs\kosummary\Library\mingw-w64\bin;D:\anaconda3\envs\kosummary\Library\usr\bin;D:\anaconda3\envs\kosummary\Library\bin;D:\anaconda3\envs\kosummary\Scripts;D:\anaconda3\envs\kosummary\bin;D:\anaconda3\condabin;C:\Program Files (x86)\Common Files\Oracle\Java\javapath;C:\WINDOWS\system32;C:\WINDOWS;C:\WINDOWS\System32\Wbem;C:\WINDOWS\System32\WindowsPowerShell\v1.0;C:\WINDOWS\System32\OpenSSH;C:\Program Files (x86)\Paragon Software\LinuxFS for Windows;C:\Program Files\Java\jdk1.8.0_321\bin;D:\Program\Git\cmd;C:\Program Files\CMake\bin;C:\Users\?섎떎\AppData\Local\Programs\Python\Python37\Scripts;C:\Users\?섎떎\AppData\Local\Programs\Python\Python37;C:\Users\?섎떎\AppData\Local\Microsoft\WindowsApps;C:\Users\?섎떎\AppData\Local\Programs\Microsoft VS Code\bin;C:\Users\?섎떎\AppData\Local\GitHubDesktop\bin;.;C:\Program Files (x86)\ESTsoft\ALSee\x64;D:\anaconda3\envs\kosummary\lib\site-packages\numpy\.libs
USERNAME=나다
OS=Windows_NT
PROCESSOR_IDENTIFIER=Intel64 Family 6 Model 158 Stepping 12, GenuineIntel



---------------  S Y S T E M  ---------------

OS: Windows 11 , 64 bit Build 22000 (10.0.22000.434)

CPU:total 6 (initial active 6) (6 cores per cpu, 1 threads per core) family 6 model 158 stepping 12, cmov, cx8, fxsr, mmx, sse, sse2, sse3, ssse3, sse4.1, sse4.2, popcnt, avx, avx2, aes, clmul, erms, rtm, 3dnowpref, lzcnt, tsc, tscinvbit, bmi1, bmi2, adx

Memory: 4k page, physical 16715108k(9703284k free), swap 19565752k(3547036k free)

vm_info: Java HotSpot(TM) 64-Bit Server VM (25.321-b07) for windows-amd64 JRE (1.8.0_321-b07), built on Dec 15 2021 11:19:20 by "java_re" with MS VC++ 15.9 (VS2017)

time: Sat Apr  2 12:57:02 2022
timezone: 대한민국 표준시
elapsed time: 0.384065 seconds (0d 0h 0m 0s)

